This file contains any messages produced by compilers while
running configure, to aid debugging if configure makes a mistake.

It was created by WMtk configure 1.0.5, which was
generated by GNU Autoconf 2.59.  Invocation command line was

  $ ./configure 

## --------- ##
## Platform. ##
## --------- ##

hostname = ZEN
uname -m = x86_64
uname -r = 4.4.0-28-generic
uname -s = Linux
uname -v = #47-Ubuntu SMP Fri Jun 24 10:09:13 UTC 2016

/usr/bin/uname -p = unknown
/bin/uname -X     = unknown

/bin/arch              = unknown
/usr/bin/arch -k       = unknown
/usr/convex/getsysinfo = unknown
hostinfo               = unknown
/bin/machine           = unknown
/usr/bin/oslevel       = unknown
/bin/universe          = unknown

PATH: /home/michele/Development/ROS/catkin_ws/devel/bin
PATH: /opt/ros/jade/bin
PATH: /usr/local/sbin
PATH: /usr/local/bin
PATH: /usr/sbin
PATH: /usr/bin
PATH: /sbin
PATH: /bin
PATH: /usr/games
PATH: /usr/local/games
PATH: /snap/bin
PATH: /home/michele/Development/android-sdk-linux/tools
PATH: /home/michele/Development/android-sdk-linux/platform-tools
PATH: /home/michele/android-studio/bin
PATH: /home/michele/Documents/FOR/lab/ampl


## ----------- ##
## Core tests. ##
## ----------- ##

configure:1554: checking for a BSD-compatible install
configure:1609: result: /usr/bin/install -c
configure:1620: checking whether build environment is sane
configure:1663: result: yes
configure:1728: checking for gawk
configure:1757: result: no
configure:1728: checking for mawk
configure:1744: found /usr/bin/mawk
configure:1754: result: mawk
configure:1764: checking whether make sets $(MAKE)
configure:1784: result: yes
configure:2006: checking for g++
configure:2022: found /usr/bin/g++
configure:2032: result: g++
configure:2048: checking for C++ compiler version
configure:2051: g++ --version </dev/null >&5
g++ (Ubuntu 5.3.1-14ubuntu2.1) 5.3.1 20160413
Copyright (C) 2015 Free Software Foundation, Inc.
This is free software; see the source for copying conditions.  There is NO
warranty; not even for MERCHANTABILITY or FITNESS FOR A PARTICULAR PURPOSE.

configure:2054: $? = 0
configure:2056: g++ -v </dev/null >&5
Using built-in specs.
COLLECT_GCC=g++
COLLECT_LTO_WRAPPER=/usr/lib/gcc/x86_64-linux-gnu/5/lto-wrapper
Target: x86_64-linux-gnu
Configured with: ../src/configure -v --with-pkgversion='Ubuntu 5.3.1-14ubuntu2.1' --with-bugurl=file:///usr/share/doc/gcc-5/README.Bugs --enable-languages=c,ada,c++,java,go,d,fortran,objc,obj-c++ --prefix=/usr --program-suffix=-5 --enable-shared --enable-linker-build-id --libexecdir=/usr/lib --without-included-gettext --enable-threads=posix --libdir=/usr/lib --enable-nls --with-sysroot=/ --enable-clocale=gnu --enable-libstdcxx-debug --enable-libstdcxx-time=yes --with-default-libstdcxx-abi=new --enable-gnu-unique-object --disable-vtable-verify --enable-libmpx --enable-plugin --with-system-zlib --disable-browser-plugin --enable-java-awt=gtk --enable-gtk-cairo --with-java-home=/usr/lib/jvm/java-1.5.0-gcj-5-amd64/jre --enable-java-home --with-jvm-root-dir=/usr/lib/jvm/java-1.5.0-gcj-5-amd64 --with-jvm-jar-dir=/usr/lib/jvm-exports/java-1.5.0-gcj-5-amd64 --with-arch-directory=amd64 --with-ecj-jar=/usr/share/java/eclipse-ecj.jar --enable-objc-gc --enable-multiarch --disable-werror --with-arch-32=i686 --with-abi=m64 --with-multilib-list=m32,m64,mx32 --enable-multilib --with-tune=generic --enable-checking=release --build=x86_64-linux-gnu --host=x86_64-linux-gnu --target=x86_64-linux-gnu
Thread model: posix
gcc version 5.3.1 20160413 (Ubuntu 5.3.1-14ubuntu2.1) 
configure:2059: $? = 0
configure:2061: g++ -V </dev/null >&5
g++: error: unrecognized command line option '-V'
g++: fatal error: no input files
compilation terminated.
configure:2064: $? = 1
configure:2087: checking for C++ compiler default output file name
configure:2090: g++    conftest.cc  >&5
configure:2093: $? = 0
configure:2139: result: a.out
configure:2144: checking whether the C++ compiler works
configure:2150: ./a.out
configure:2153: $? = 0
configure:2170: result: yes
configure:2177: checking whether we are cross compiling
configure:2179: result: no
configure:2182: checking for suffix of executables
configure:2184: g++ -o conftest    conftest.cc  >&5
configure:2187: $? = 0
configure:2212: result: 
configure:2218: checking for suffix of object files
configure:2239: g++ -c   conftest.cc >&5
configure:2242: $? = 0
configure:2264: result: o
configure:2268: checking whether we are using the GNU C++ compiler
configure:2292: g++ -c   conftest.cc >&5
configure:2298: $? = 0
configure:2302: test -z 
			 || test ! -s conftest.err
configure:2305: $? = 0
configure:2308: test -s conftest.o
configure:2311: $? = 0
configure:2324: result: yes
configure:2330: checking whether g++ accepts -g
configure:2351: g++ -c -g  conftest.cc >&5
configure:2357: $? = 0
configure:2361: test -z 
			 || test ! -s conftest.err
configure:2364: $? = 0
configure:2367: test -s conftest.o
configure:2370: $? = 0
configure:2381: result: yes
configure:2423: g++ -c -g -O2  conftest.cc >&5
configure:2429: $? = 0
configure:2433: test -z 
			 || test ! -s conftest.err
configure:2436: $? = 0
configure:2439: test -s conftest.o
configure:2442: $? = 0
configure:2468: g++ -c -g -O2  conftest.cc >&5
conftest.cc: In function 'int main()':
conftest.cc:15:9: error: 'exit' was not declared in this scope
 exit (42);
         ^
configure:2474: $? = 1
configure: failed program was:
| /* confdefs.h.  */
| 
| #define PACKAGE_NAME "WMtk"
| #define PACKAGE_TARNAME "wmtk"
| #define PACKAGE_VERSION "1.0.5"
| #define PACKAGE_STRING "WMtk 1.0.5"
| #define PACKAGE_BUGREPORT "joshua.l.phillips@vanderbilt.edu"
| #define PACKAGE "wmtk"
| #define VERSION "1.0.5"
| /* end confdefs.h.  */
| 
| int
| main ()
| {
| exit (42);
|   ;
|   return 0;
| }
configure:2423: g++ -c -g -O2  conftest.cc >&5
conftest.cc:11:40: error: 'void std::exit(int)' should have been declared inside 'std'
 extern "C" void std::exit (int) throw (); using std::exit;
                                        ^
configure:2429: $? = 1
configure: failed program was:
| /* confdefs.h.  */
| 
| #define PACKAGE_NAME "WMtk"
| #define PACKAGE_TARNAME "wmtk"
| #define PACKAGE_VERSION "1.0.5"
| #define PACKAGE_STRING "WMtk 1.0.5"
| #define PACKAGE_BUGREPORT "joshua.l.phillips@vanderbilt.edu"
| #define PACKAGE "wmtk"
| #define VERSION "1.0.5"
| /* end confdefs.h.  */
| extern "C" void std::exit (int) throw (); using std::exit;
| #include <stdlib.h>
| int
| main ()
| {
| exit (42);
|   ;
|   return 0;
| }
configure:2423: g++ -c -g -O2  conftest.cc >&5
conftest.cc:11:31: error: 'void std::exit(int)' should have been declared inside 'std'
 extern "C" void std::exit (int); using std::exit;
                               ^
In file included from conftest.cc:12:0:
/usr/include/stdlib.h:543:70: error: declaration of 'void std::exit(int) throw ()' has a different exception specifier
 extern void exit (int __status) __THROW __attribute__ ((__noreturn__));
                                                                      ^
conftest.cc:11:17: error: from previous declaration 'void std::exit(int)'
 extern "C" void std::exit (int); using std::exit;
                 ^
configure:2429: $? = 1
configure: failed program was:
| /* confdefs.h.  */
| 
| #define PACKAGE_NAME "WMtk"
| #define PACKAGE_TARNAME "wmtk"
| #define PACKAGE_VERSION "1.0.5"
| #define PACKAGE_STRING "WMtk 1.0.5"
| #define PACKAGE_BUGREPORT "joshua.l.phillips@vanderbilt.edu"
| #define PACKAGE "wmtk"
| #define VERSION "1.0.5"
| /* end confdefs.h.  */
| extern "C" void std::exit (int); using std::exit;
| #include <stdlib.h>
| int
| main ()
| {
| exit (42);
|   ;
|   return 0;
| }
configure:2423: g++ -c -g -O2  conftest.cc >&5
configure:2429: $? = 0
configure:2433: test -z 
			 || test ! -s conftest.err
configure:2436: $? = 0
configure:2439: test -s conftest.o
configure:2442: $? = 0
configure:2468: g++ -c -g -O2  conftest.cc >&5
configure:2474: $? = 0
configure:2478: test -z 
			 || test ! -s conftest.err
configure:2481: $? = 0
configure:2484: test -s conftest.o
configure:2487: $? = 0
configure:2521: checking for style of include used by make
configure:2549: result: GNU
configure:2577: checking dependency style of g++
configure:2667: result: gcc3
configure:2730: checking for gcc
configure:2746: found /usr/bin/gcc
configure:2756: result: gcc
configure:3000: checking for C compiler version
configure:3003: gcc --version </dev/null >&5
gcc (Ubuntu 5.3.1-14ubuntu2.1) 5.3.1 20160413
Copyright (C) 2015 Free Software Foundation, Inc.
This is free software; see the source for copying conditions.  There is NO
warranty; not even for MERCHANTABILITY or FITNESS FOR A PARTICULAR PURPOSE.

configure:3006: $? = 0
configure:3008: gcc -v </dev/null >&5
Using built-in specs.
COLLECT_GCC=gcc
COLLECT_LTO_WRAPPER=/usr/lib/gcc/x86_64-linux-gnu/5/lto-wrapper
Target: x86_64-linux-gnu
Configured with: ../src/configure -v --with-pkgversion='Ubuntu 5.3.1-14ubuntu2.1' --with-bugurl=file:///usr/share/doc/gcc-5/README.Bugs --enable-languages=c,ada,c++,java,go,d,fortran,objc,obj-c++ --prefix=/usr --program-suffix=-5 --enable-shared --enable-linker-build-id --libexecdir=/usr/lib --without-included-gettext --enable-threads=posix --libdir=/usr/lib --enable-nls --with-sysroot=/ --enable-clocale=gnu --enable-libstdcxx-debug --enable-libstdcxx-time=yes --with-default-libstdcxx-abi=new --enable-gnu-unique-object --disable-vtable-verify --enable-libmpx --enable-plugin --with-system-zlib --disable-browser-plugin --enable-java-awt=gtk --enable-gtk-cairo --with-java-home=/usr/lib/jvm/java-1.5.0-gcj-5-amd64/jre --enable-java-home --with-jvm-root-dir=/usr/lib/jvm/java-1.5.0-gcj-5-amd64 --with-jvm-jar-dir=/usr/lib/jvm-exports/java-1.5.0-gcj-5-amd64 --with-arch-directory=amd64 --with-ecj-jar=/usr/share/java/eclipse-ecj.jar --enable-objc-gc --enable-multiarch --disable-werror --with-arch-32=i686 --with-abi=m64 --with-multilib-list=m32,m64,mx32 --enable-multilib --with-tune=generic --enable-checking=release --build=x86_64-linux-gnu --host=x86_64-linux-gnu --target=x86_64-linux-gnu
Thread model: posix
gcc version 5.3.1 20160413 (Ubuntu 5.3.1-14ubuntu2.1) 
configure:3011: $? = 0
configure:3013: gcc -V </dev/null >&5
gcc: error: unrecognized command line option '-V'
gcc: fatal error: no input files
compilation terminated.
configure:3016: $? = 1
configure:3019: checking whether we are using the GNU C compiler
configure:3043: gcc -c   conftest.c >&5
configure:3049: $? = 0
configure:3053: test -z 
			 || test ! -s conftest.err
configure:3056: $? = 0
configure:3059: test -s conftest.o
configure:3062: $? = 0
configure:3075: result: yes
configure:3081: checking whether gcc accepts -g
configure:3102: gcc -c -g  conftest.c >&5
configure:3108: $? = 0
configure:3112: test -z 
			 || test ! -s conftest.err
configure:3115: $? = 0
configure:3118: test -s conftest.o
configure:3121: $? = 0
configure:3132: result: yes
configure:3149: checking for gcc option to accept ANSI C
configure:3219: gcc  -c -g -O2  conftest.c >&5
configure:3225: $? = 0
configure:3229: test -z 
			 || test ! -s conftest.err
configure:3232: $? = 0
configure:3235: test -s conftest.o
configure:3238: $? = 0
configure:3256: result: none needed
configure:3274: gcc -c -g -O2  conftest.c >&5
conftest.c:2:3: error: unknown type name 'choke'
   choke me
   ^
conftest.c:2:3: error: expected '=', ',', ';', 'asm' or '__attribute__' at end of input
configure:3280: $? = 1
configure: failed program was:
| #ifndef __cplusplus
|   choke me
| #endif
configure:3415: checking dependency style of gcc
configure:3505: result: gcc3
configure:3600: checking build system type
configure:3618: result: x86_64-unknown-linux-gnu
configure:3626: checking host system type
configure:3640: result: x86_64-unknown-linux-gnu
configure:3648: checking for a sed that does not truncate output
configure:3702: result: /bin/sed
configure:3705: checking for egrep
configure:3715: result: grep -E
configure:3731: checking for ld used by gcc
configure:3798: result: /usr/bin/ld
configure:3807: checking if the linker (/usr/bin/ld) is GNU ld
configure:3822: result: yes
configure:3827: checking for /usr/bin/ld option to reload object files
configure:3834: result: -r
configure:3843: checking for BSD-compatible nm
configure:3885: result: /usr/bin/nm -B
configure:3889: checking whether ln -s works
configure:3893: result: yes
configure:3900: checking how to recognise dependent libraries
configure:4083: result: pass_all
configure:4168: gcc -c -g -O2  conftest.c >&5
configure:4171: $? = 0
configure:4297: checking how to run the C preprocessor
configure:4332: gcc -E  conftest.c
configure:4338: $? = 0
configure:4370: gcc -E  conftest.c
conftest.c:14:28: fatal error: ac_nonexistent.h: No such file or directory
compilation terminated.
configure:4376: $? = 1
configure: failed program was:
| /* confdefs.h.  */
| 
| #define PACKAGE_NAME "WMtk"
| #define PACKAGE_TARNAME "wmtk"
| #define PACKAGE_VERSION "1.0.5"
| #define PACKAGE_STRING "WMtk 1.0.5"
| #define PACKAGE_BUGREPORT "joshua.l.phillips@vanderbilt.edu"
| #define PACKAGE "wmtk"
| #define VERSION "1.0.5"
| #ifdef __cplusplus
| extern "C" void exit (int) throw ();
| #endif
| /* end confdefs.h.  */
| #include <ac_nonexistent.h>
configure:4415: result: gcc -E
configure:4439: gcc -E  conftest.c
configure:4445: $? = 0
configure:4477: gcc -E  conftest.c
conftest.c:14:28: fatal error: ac_nonexistent.h: No such file or directory
compilation terminated.
configure:4483: $? = 1
configure: failed program was:
| /* confdefs.h.  */
| 
| #define PACKAGE_NAME "WMtk"
| #define PACKAGE_TARNAME "wmtk"
| #define PACKAGE_VERSION "1.0.5"
| #define PACKAGE_STRING "WMtk 1.0.5"
| #define PACKAGE_BUGREPORT "joshua.l.phillips@vanderbilt.edu"
| #define PACKAGE "wmtk"
| #define VERSION "1.0.5"
| #ifdef __cplusplus
| extern "C" void exit (int) throw ();
| #endif
| /* end confdefs.h.  */
| #include <ac_nonexistent.h>
configure:4527: checking for ANSI C header files
configure:4552: gcc -c -g -O2  conftest.c >&5
configure:4558: $? = 0
configure:4562: test -z 
			 || test ! -s conftest.err
configure:4565: $? = 0
configure:4568: test -s conftest.o
configure:4571: $? = 0
configure:4660: gcc -o conftest -g -O2   conftest.c  >&5
conftest.c: In function 'main':
conftest.c:31:7: warning: implicit declaration of function 'exit' [-Wimplicit-function-declaration]
       exit(2);
       ^
conftest.c:31:7: warning: incompatible implicit declaration of built-in function 'exit'
conftest.c:31:7: note: include '<stdlib.h>' or provide a declaration of 'exit'
conftest.c:32:3: warning: incompatible implicit declaration of built-in function 'exit'
   exit (0);
   ^
conftest.c:32:3: note: include '<stdlib.h>' or provide a declaration of 'exit'
configure:4663: $? = 0
configure:4665: ./conftest
configure:4668: $? = 0
configure:4683: result: yes
configure:4707: checking for sys/types.h
configure:4723: gcc -c -g -O2  conftest.c >&5
configure:4729: $? = 0
configure:4733: test -z 
			 || test ! -s conftest.err
configure:4736: $? = 0
configure:4739: test -s conftest.o
configure:4742: $? = 0
configure:4753: result: yes
configure:4707: checking for sys/stat.h
configure:4723: gcc -c -g -O2  conftest.c >&5
configure:4729: $? = 0
configure:4733: test -z 
			 || test ! -s conftest.err
configure:4736: $? = 0
configure:4739: test -s conftest.o
configure:4742: $? = 0
configure:4753: result: yes
configure:4707: checking for stdlib.h
configure:4723: gcc -c -g -O2  conftest.c >&5
configure:4729: $? = 0
configure:4733: test -z 
			 || test ! -s conftest.err
configure:4736: $? = 0
configure:4739: test -s conftest.o
configure:4742: $? = 0
configure:4753: result: yes
configure:4707: checking for string.h
configure:4723: gcc -c -g -O2  conftest.c >&5
configure:4729: $? = 0
configure:4733: test -z 
			 || test ! -s conftest.err
configure:4736: $? = 0
configure:4739: test -s conftest.o
configure:4742: $? = 0
configure:4753: result: yes
configure:4707: checking for memory.h
configure:4723: gcc -c -g -O2  conftest.c >&5
configure:4729: $? = 0
configure:4733: test -z 
			 || test ! -s conftest.err
configure:4736: $? = 0
configure:4739: test -s conftest.o
configure:4742: $? = 0
configure:4753: result: yes
configure:4707: checking for strings.h
configure:4723: gcc -c -g -O2  conftest.c >&5
configure:4729: $? = 0
configure:4733: test -z 
			 || test ! -s conftest.err
configure:4736: $? = 0
configure:4739: test -s conftest.o
configure:4742: $? = 0
configure:4753: result: yes
configure:4707: checking for inttypes.h
configure:4723: gcc -c -g -O2  conftest.c >&5
configure:4729: $? = 0
configure:4733: test -z 
			 || test ! -s conftest.err
configure:4736: $? = 0
configure:4739: test -s conftest.o
configure:4742: $? = 0
configure:4753: result: yes
configure:4707: checking for stdint.h
configure:4723: gcc -c -g -O2  conftest.c >&5
configure:4729: $? = 0
configure:4733: test -z 
			 || test ! -s conftest.err
configure:4736: $? = 0
configure:4739: test -s conftest.o
configure:4742: $? = 0
configure:4753: result: yes
configure:4707: checking for unistd.h
configure:4723: gcc -c -g -O2  conftest.c >&5
configure:4729: $? = 0
configure:4733: test -z 
			 || test ! -s conftest.err
configure:4736: $? = 0
configure:4739: test -s conftest.o
configure:4742: $? = 0
configure:4753: result: yes
configure:4779: checking dlfcn.h usability
configure:4791: gcc -c -g -O2  conftest.c >&5
configure:4797: $? = 0
configure:4801: test -z 
			 || test ! -s conftest.err
configure:4804: $? = 0
configure:4807: test -s conftest.o
configure:4810: $? = 0
configure:4820: result: yes
configure:4824: checking dlfcn.h presence
configure:4834: gcc -E  conftest.c
configure:4840: $? = 0
configure:4860: result: yes
configure:4895: checking for dlfcn.h
configure:4902: result: yes
configure:4920: checking how to run the C++ preprocessor
configure:4951: g++ -E  conftest.cc
configure:4957: $? = 0
configure:4989: g++ -E  conftest.cc
conftest.cc:25:28: fatal error: ac_nonexistent.h: No such file or directory
compilation terminated.
configure:4995: $? = 1
configure: failed program was:
| /* confdefs.h.  */
| 
| #define PACKAGE_NAME "WMtk"
| #define PACKAGE_TARNAME "wmtk"
| #define PACKAGE_VERSION "1.0.5"
| #define PACKAGE_STRING "WMtk 1.0.5"
| #define PACKAGE_BUGREPORT "joshua.l.phillips@vanderbilt.edu"
| #define PACKAGE "wmtk"
| #define VERSION "1.0.5"
| #ifdef __cplusplus
| extern "C" void exit (int) throw ();
| #endif
| #define STDC_HEADERS 1
| #define HAVE_SYS_TYPES_H 1
| #define HAVE_SYS_STAT_H 1
| #define HAVE_STDLIB_H 1
| #define HAVE_STRING_H 1
| #define HAVE_MEMORY_H 1
| #define HAVE_STRINGS_H 1
| #define HAVE_INTTYPES_H 1
| #define HAVE_STDINT_H 1
| #define HAVE_UNISTD_H 1
| #define HAVE_DLFCN_H 1
| /* end confdefs.h.  */
| #include <ac_nonexistent.h>
configure:5034: result: g++ -E
configure:5058: g++ -E  conftest.cc
configure:5064: $? = 0
configure:5096: g++ -E  conftest.cc
conftest.cc:25:28: fatal error: ac_nonexistent.h: No such file or directory
compilation terminated.
configure:5102: $? = 1
configure: failed program was:
| /* confdefs.h.  */
| 
| #define PACKAGE_NAME "WMtk"
| #define PACKAGE_TARNAME "wmtk"
| #define PACKAGE_VERSION "1.0.5"
| #define PACKAGE_STRING "WMtk 1.0.5"
| #define PACKAGE_BUGREPORT "joshua.l.phillips@vanderbilt.edu"
| #define PACKAGE "wmtk"
| #define VERSION "1.0.5"
| #ifdef __cplusplus
| extern "C" void exit (int) throw ();
| #endif
| #define STDC_HEADERS 1
| #define HAVE_SYS_TYPES_H 1
| #define HAVE_SYS_STAT_H 1
| #define HAVE_STDLIB_H 1
| #define HAVE_STRING_H 1
| #define HAVE_MEMORY_H 1
| #define HAVE_STRINGS_H 1
| #define HAVE_INTTYPES_H 1
| #define HAVE_STDINT_H 1
| #define HAVE_UNISTD_H 1
| #define HAVE_DLFCN_H 1
| /* end confdefs.h.  */
| #include <ac_nonexistent.h>
configure:5197: checking for g77
configure:5226: result: no
configure:5197: checking for f77
configure:5213: found /usr/bin/f77
configure:5223: result: f77
configure:5238: checking for Fortran 77 compiler version
configure:5241: f77 --version </dev/null >&5
GNU Fortran (Ubuntu 5.3.1-14ubuntu2.1) 5.3.1 20160413
Copyright (C) 2015 Free Software Foundation, Inc.

GNU Fortran comes with NO WARRANTY, to the extent permitted by law.
You may redistribute copies of GNU Fortran
under the terms of the GNU General Public License.
For more information about these matters, see the file named COPYING

configure:5244: $? = 0
configure:5246: f77 -v </dev/null >&5
Using built-in specs.
COLLECT_GCC=f77
COLLECT_LTO_WRAPPER=/usr/lib/gcc/x86_64-linux-gnu/5/lto-wrapper
Target: x86_64-linux-gnu
Configured with: ../src/configure -v --with-pkgversion='Ubuntu 5.3.1-14ubuntu2.1' --with-bugurl=file:///usr/share/doc/gcc-5/README.Bugs --enable-languages=c,ada,c++,java,go,d,fortran,objc,obj-c++ --prefix=/usr --program-suffix=-5 --enable-shared --enable-linker-build-id --libexecdir=/usr/lib --without-included-gettext --enable-threads=posix --libdir=/usr/lib --enable-nls --with-sysroot=/ --enable-clocale=gnu --enable-libstdcxx-debug --enable-libstdcxx-time=yes --with-default-libstdcxx-abi=new --enable-gnu-unique-object --disable-vtable-verify --enable-libmpx --enable-plugin --with-system-zlib --disable-browser-plugin --enable-java-awt=gtk --enable-gtk-cairo --with-java-home=/usr/lib/jvm/java-1.5.0-gcj-5-amd64/jre --enable-java-home --with-jvm-root-dir=/usr/lib/jvm/java-1.5.0-gcj-5-amd64 --with-jvm-jar-dir=/usr/lib/jvm-exports/java-1.5.0-gcj-5-amd64 --with-arch-directory=amd64 --with-ecj-jar=/usr/share/java/eclipse-ecj.jar --enable-objc-gc --enable-multiarch --disable-werror --with-arch-32=i686 --with-abi=m64 --with-multilib-list=m32,m64,mx32 --enable-multilib --with-tune=generic --enable-checking=release --build=x86_64-linux-gnu --host=x86_64-linux-gnu --target=x86_64-linux-gnu
Thread model: posix
gcc version 5.3.1 20160413 (Ubuntu 5.3.1-14ubuntu2.1) 
configure:5249: $? = 0
configure:5251: f77 -V </dev/null >&5
f77: error: unrecognized command line option '-V'
f77: fatal error: no input files
compilation terminated.
configure:5254: $? = 1
configure:5262: checking whether we are using the GNU Fortran 77 compiler
configure:5276: f77 -c  conftest.F >&5
configure:5282: $? = 0
configure:5286: test -z 
			 || test ! -s conftest.err
configure:5289: $? = 0
configure:5292: test -s conftest.o
configure:5295: $? = 0
configure:5308: result: yes
configure:5314: checking whether f77 accepts -g
configure:5326: f77 -c -g conftest.f >&5
configure:5332: $? = 0
configure:5336: test -z 
			 || test ! -s conftest.err
configure:5339: $? = 0
configure:5342: test -s conftest.o
configure:5345: $? = 0
configure:5357: result: yes
configure:5387: checking the maximum length of command line arguments
configure:5452: result: 32768
configure:5463: checking command to parse /usr/bin/nm -B output from gcc object
configure:5552: gcc -c -g -O2  conftest.c >&5
configure:5555: $? = 0
configure:5559: /usr/bin/nm -B conftest.o \| sed -n -e 's/^.*[ 	]\([ABCDGIRSTW][ABCDGIRSTW]*\)[ 	][ 	]*\(\)\([_A-Za-z][_A-Za-z0-9]*\)$/\1 \2\3 \3/p' \> conftest.nm
configure:5562: $? = 0
configure:5614: gcc -o conftest -g -O2   conftest.c conftstm.o >&5
configure:5617: $? = 0
configure:5655: result: ok
configure:5659: checking for objdir
configure:5674: result: .libs
configure:5764: checking for ar
configure:5780: found /usr/bin/ar
configure:5791: result: ar
configure:5844: checking for ranlib
configure:5860: found /usr/bin/ranlib
configure:5871: result: ranlib
configure:5924: checking for strip
configure:5940: found /usr/bin/strip
configure:5951: result: strip
configure:6213: checking if gcc static flag  works
configure:6236: result: yes
configure:6254: checking if gcc supports -fno-rtti -fno-exceptions
configure:6272: gcc -c -g -O2  -fno-rtti -fno-exceptions conftest.c >&5
cc1: warning: command line option '-fno-rtti' is valid for C++/ObjC++ but not for C
configure:6276: $? = 0
configure:6287: result: no
configure:6302: checking for gcc option to produce PIC
configure:6479: result: -fPIC
configure:6487: checking if gcc PIC flag -fPIC works
configure:6505: gcc -c -g -O2  -fPIC -DPIC conftest.c >&5
configure:6509: $? = 0
configure:6520: result: yes
configure:6544: checking if gcc supports -c -o file.o
configure:6565: gcc -c -g -O2  -o out/conftest2.o conftest.c >&5
configure:6569: $? = 0
configure:6589: result: yes
configure:6615: checking whether the gcc linker (/usr/bin/ld -m elf_x86_64) supports shared libraries
configure:7463: result: yes
configure:7489: checking whether -lc should be explicitly linked in
configure:7494: gcc -c -g -O2  conftest.c >&5
configure:7497: $? = 0
configure:7511: gcc -shared conftest.o  -v -Wl,-soname -Wl,conftest -o conftest 2\>\&1 \| grep  -lc  \>/dev/null 2\>\&1
configure:7514: $? = 0
configure:7526: result: no
configure:7534: checking dynamic linker characteristics
configure:7900: gcc -c -g -O2  conftest.c >&5
configure:7903: $? = 0
configure:8095: result: GNU/Linux ld.so
configure:8099: checking how to hardcode library paths into programs
configure:8124: result: immediate
configure:8138: checking whether stripping libraries is possible
configure:8143: result: yes
configure:8973: checking if libtool supports shared libraries
configure:8975: result: yes
configure:8978: checking whether to build shared libraries
configure:9036: result: yes
configure:9039: checking whether to build static libraries
configure:9043: result: yes
configure:9135: creating libtool
configure:9682: checking for ld used by g++
configure:9749: result: /usr/bin/ld -m elf_x86_64
configure:9758: checking if the linker (/usr/bin/ld -m elf_x86_64) is GNU ld
configure:9773: result: yes
configure:9824: checking whether the g++ linker (/usr/bin/ld -m elf_x86_64) supports shared libraries
configure:10652: result: yes
configure:10670: g++ -c -g -O2  conftest.cc >&5
configure:10673: $? = 0
configure:10769: checking for g++ option to produce PIC
configure:11021: result: -fPIC
configure:11029: checking if g++ PIC flag -fPIC works
configure:11047: g++ -c -g -O2  -fPIC -DPIC conftest.cc >&5
configure:11051: $? = 0
configure:11062: result: yes
configure:11086: checking if g++ supports -c -o file.o
configure:11107: g++ -c -g -O2  -o out/conftest2.o conftest.cc >&5
configure:11111: $? = 0
configure:11131: result: yes
configure:11157: checking whether the g++ linker (/usr/bin/ld -m elf_x86_64) supports shared libraries
configure:11182: result: yes
configure:11253: checking dynamic linker characteristics
configure:11619: g++ -c -g -O2  conftest.cc >&5
configure:11622: $? = 0
configure:11814: result: GNU/Linux ld.so
configure:11818: checking how to hardcode library paths into programs
configure:11843: result: immediate
configure:11857: checking whether stripping libraries is possible
configure:11862: result: yes
configure:13169: checking if libtool supports shared libraries
configure:13171: result: yes
configure:13174: checking whether to build shared libraries
configure:13192: result: yes
configure:13195: checking whether to build static libraries
configure:13199: result: yes
configure:13211: checking for f77 option to produce PIC
configure:13388: result: -fPIC
configure:13396: checking if f77 PIC flag -fPIC works
configure:13414: f77 -c -g -O2 -fPIC conftest.f >&5
configure:13418: $? = 0
configure:13429: result: yes
configure:13453: checking if f77 supports -c -o file.o
configure:13474: f77 -c -g -O2 -o out/conftest2.o conftest.f >&5
configure:13478: $? = 0
configure:13498: result: yes
configure:13524: checking whether the f77 linker (/usr/bin/ld -m elf_x86_64) supports shared libraries
configure:14352: result: yes
configure:14423: checking dynamic linker characteristics
configure:14789: f77 -c -g -O2 conftest.f >&5
Warning: conftest.f:1: Illegal preprocessor directive
configure:14792: $? = 0
configure:14984: result: GNU/Linux ld.so
configure:14988: checking how to hardcode library paths into programs
configure:15013: result: immediate
configure:15027: checking whether stripping libraries is possible
configure:15032: result: yes
configure:19150: checking for pow in -lm
configure:19180: g++ -o conftest -g -O2   conftest.cc -lm   >&5
configure:19186: $? = 0
configure:19190: test -z 
			 || test ! -s conftest.err
configure:19193: $? = 0
configure:19196: test -s conftest
configure:19199: $? = 0
configure:19212: result: yes
configure:19254: checking stddef.h usability
configure:19266: g++ -c -g -O2  conftest.cc >&5
configure:19272: $? = 0
configure:19276: test -z 
			 || test ! -s conftest.err
configure:19279: $? = 0
configure:19282: test -s conftest.o
configure:19285: $? = 0
configure:19295: result: yes
configure:19299: checking stddef.h presence
configure:19309: g++ -E  conftest.cc
configure:19315: $? = 0
configure:19335: result: yes
configure:19370: checking for stddef.h
configure:19377: result: yes
configure:19254: checking math.h usability
configure:19266: g++ -c -g -O2  conftest.cc >&5
configure:19272: $? = 0
configure:19276: test -z 
			 || test ! -s conftest.err
configure:19279: $? = 0
configure:19282: test -s conftest.o
configure:19285: $? = 0
configure:19295: result: yes
configure:19299: checking math.h presence
configure:19309: g++ -E  conftest.cc
configure:19315: $? = 0
configure:19335: result: yes
configure:19370: checking for math.h
configure:19377: result: yes
configure:19245: checking for stdlib.h
configure:19250: result: yes
configure:19254: checking stdio.h usability
configure:19266: g++ -c -g -O2  conftest.cc >&5
configure:19272: $? = 0
configure:19276: test -z 
			 || test ! -s conftest.err
configure:19279: $? = 0
configure:19282: test -s conftest.o
configure:19285: $? = 0
configure:19295: result: yes
configure:19299: checking stdio.h presence
configure:19309: g++ -E  conftest.cc
configure:19315: $? = 0
configure:19335: result: yes
configure:19370: checking for stdio.h
configure:19377: result: yes
configure:19254: checking iostream usability
configure:19266: g++ -c -g -O2  conftest.cc >&5
configure:19272: $? = 0
configure:19276: test -z 
			 || test ! -s conftest.err
configure:19279: $? = 0
configure:19282: test -s conftest.o
configure:19285: $? = 0
configure:19295: result: yes
configure:19299: checking iostream presence
configure:19309: g++ -E  conftest.cc
configure:19315: $? = 0
configure:19335: result: yes
configure:19370: checking for iostream
configure:19377: result: yes
configure:19254: checking fstream usability
configure:19266: g++ -c -g -O2  conftest.cc >&5
configure:19272: $? = 0
configure:19276: test -z 
			 || test ! -s conftest.err
configure:19279: $? = 0
configure:19282: test -s conftest.o
configure:19285: $? = 0
configure:19295: result: yes
configure:19299: checking fstream presence
configure:19309: g++ -E  conftest.cc
configure:19315: $? = 0
configure:19335: result: yes
configure:19370: checking for fstream
configure:19377: result: yes
configure:19254: checking string usability
configure:19266: g++ -c -g -O2  conftest.cc >&5
configure:19272: $? = 0
configure:19276: test -z 
			 || test ! -s conftest.err
configure:19279: $? = 0
configure:19282: test -s conftest.o
configure:19285: $? = 0
configure:19295: result: yes
configure:19299: checking string presence
configure:19309: g++ -E  conftest.cc
configure:19315: $? = 0
configure:19335: result: yes
configure:19370: checking for string
configure:19377: result: yes
configure:19254: checking list usability
configure:19266: g++ -c -g -O2  conftest.cc >&5
configure:19272: $? = 0
configure:19276: test -z 
			 || test ! -s conftest.err
configure:19279: $? = 0
configure:19282: test -s conftest.o
configure:19285: $? = 0
configure:19295: result: yes
configure:19299: checking list presence
configure:19309: g++ -E  conftest.cc
configure:19315: $? = 0
configure:19335: result: yes
configure:19370: checking for list
configure:19377: result: yes
configure:19254: checking vector usability
configure:19266: g++ -c -g -O2  conftest.cc >&5
configure:19272: $? = 0
configure:19276: test -z 
			 || test ! -s conftest.err
configure:19279: $? = 0
configure:19282: test -s conftest.o
configure:19285: $? = 0
configure:19295: result: yes
configure:19299: checking vector presence
configure:19309: g++ -E  conftest.cc
configure:19315: $? = 0
configure:19335: result: yes
configure:19370: checking for vector
configure:19377: result: yes
configure:19254: checking sstream usability
configure:19266: g++ -c -g -O2  conftest.cc >&5
configure:19272: $? = 0
configure:19276: test -z 
			 || test ! -s conftest.err
configure:19279: $? = 0
configure:19282: test -s conftest.o
configure:19285: $? = 0
configure:19295: result: yes
configure:19299: checking sstream presence
configure:19309: g++ -E  conftest.cc
configure:19315: $? = 0
configure:19335: result: yes
configure:19370: checking for sstream
configure:19377: result: yes
configure:19254: checking iomanip usability
configure:19266: g++ -c -g -O2  conftest.cc >&5
configure:19272: $? = 0
configure:19276: test -z 
			 || test ! -s conftest.err
configure:19279: $? = 0
configure:19282: test -s conftest.o
configure:19285: $? = 0
configure:19295: result: yes
configure:19299: checking iomanip presence
configure:19309: g++ -E  conftest.cc
configure:19315: $? = 0
configure:19335: result: yes
configure:19370: checking for iomanip
configure:19377: result: yes
configure:19405: checking for log
configure:19462: g++ -o conftest -g -O2   conftest.cc -lm  >&5
configure:19468: $? = 0
configure:19472: test -z 
			 || test ! -s conftest.err
configure:19475: $? = 0
configure:19478: test -s conftest
configure:19481: $? = 0
configure:19493: result: yes
configure:19405: checking for pow
configure:19462: g++ -o conftest -g -O2   conftest.cc -lm  >&5
configure:19468: $? = 0
configure:19472: test -z 
			 || test ! -s conftest.err
configure:19475: $? = 0
configure:19478: test -s conftest
configure:19481: $? = 0
configure:19493: result: yes
configure:19405: checking for sqrt
configure:19462: g++ -o conftest -g -O2   conftest.cc -lm  >&5
configure:19468: $? = 0
configure:19472: test -z 
			 || test ! -s conftest.err
configure:19475: $? = 0
configure:19478: test -s conftest
configure:19481: $? = 0
configure:19493: result: yes
configure:19405: checking for exp
configure:19462: g++ -o conftest -g -O2   conftest.cc -lm  >&5
configure:19468: $? = 0
configure:19472: test -z 
			 || test ! -s conftest.err
configure:19475: $? = 0
configure:19478: test -s conftest
configure:19481: $? = 0
configure:19493: result: yes
configure:19405: checking for floor
configure:19462: g++ -o conftest -g -O2   conftest.cc -lm  >&5
configure:19468: $? = 0
configure:19472: test -z 
			 || test ! -s conftest.err
configure:19475: $? = 0
configure:19478: test -s conftest
configure:19481: $? = 0
configure:19493: result: yes
configure:19405: checking for nearbyint
configure:19462: g++ -o conftest -g -O2   conftest.cc -lm  >&5
configure:19468: $? = 0
configure:19472: test -z 
			 || test ! -s conftest.err
configure:19475: $? = 0
configure:19478: test -s conftest
configure:19481: $? = 0
configure:19493: result: yes
configure:19511: checking for rand
configure:19568: g++ -o conftest -g -O2   conftest.cc -lm  >&5
configure:19574: $? = 0
configure:19578: test -z 
			 || test ! -s conftest.err
configure:19581: $? = 0
configure:19584: test -s conftest
configure:19587: $? = 0
configure:19599: result: yes
configure:19732: creating ./config.status

## ---------------------- ##
## Running config.status. ##
## ---------------------- ##

This file was extended by WMtk config.status 1.0.5, which was
generated by GNU Autoconf 2.59.  Invocation command line was

  CONFIG_FILES    = 
  CONFIG_HEADERS  = 
  CONFIG_LINKS    = 
  CONFIG_COMMANDS = 
  $ ./config.status 

on ZEN

config.status:716: creating Makefile
config.status:716: creating src/Makefile
config.status:716: creating doc/Makefile
config.status:820: creating config.h
config.status:966: config.h is unchanged
config.status:1146: executing depfiles commands

## ---------------- ##
## Cache variables. ##
## ---------------- ##

ac_cv_build=x86_64-unknown-linux-gnu
ac_cv_build_alias=x86_64-unknown-linux-gnu
ac_cv_c_compiler_gnu=yes
ac_cv_cxx_compiler_gnu=yes
ac_cv_env_CC_set=
ac_cv_env_CC_value=
ac_cv_env_CFLAGS_set=
ac_cv_env_CFLAGS_value=
ac_cv_env_CPPFLAGS_set=
ac_cv_env_CPPFLAGS_value=
ac_cv_env_CPP_set=
ac_cv_env_CPP_value=
ac_cv_env_CXXCPP_set=
ac_cv_env_CXXCPP_value=
ac_cv_env_CXXFLAGS_set=
ac_cv_env_CXXFLAGS_value=
ac_cv_env_CXX_set=
ac_cv_env_CXX_value=
ac_cv_env_F77_set=
ac_cv_env_F77_value=
ac_cv_env_FFLAGS_set=
ac_cv_env_FFLAGS_value=
ac_cv_env_LDFLAGS_set=
ac_cv_env_LDFLAGS_value=
ac_cv_env_build_alias_set=
ac_cv_env_build_alias_value=
ac_cv_env_host_alias_set=
ac_cv_env_host_alias_value=
ac_cv_env_target_alias_set=
ac_cv_env_target_alias_value=
ac_cv_exeext=
ac_cv_f77_compiler_gnu=yes
ac_cv_func_exp=yes
ac_cv_func_floor=yes
ac_cv_func_log=yes
ac_cv_func_nearbyint=yes
ac_cv_func_pow=yes
ac_cv_func_rand=yes
ac_cv_func_sqrt=yes
ac_cv_header_dlfcn_h=yes
ac_cv_header_fstream=yes
ac_cv_header_inttypes_h=yes
ac_cv_header_iomanip=yes
ac_cv_header_iostream=yes
ac_cv_header_list=yes
ac_cv_header_math_h=yes
ac_cv_header_memory_h=yes
ac_cv_header_sstream=yes
ac_cv_header_stdc=yes
ac_cv_header_stddef_h=yes
ac_cv_header_stdint_h=yes
ac_cv_header_stdio_h=yes
ac_cv_header_stdlib_h=yes
ac_cv_header_string=yes
ac_cv_header_string_h=yes
ac_cv_header_strings_h=yes
ac_cv_header_sys_stat_h=yes
ac_cv_header_sys_types_h=yes
ac_cv_header_unistd_h=yes
ac_cv_header_vector=yes
ac_cv_host=x86_64-unknown-linux-gnu
ac_cv_host_alias=x86_64-unknown-linux-gnu
ac_cv_lib_m_pow=yes
ac_cv_objext=o
ac_cv_path_install='/usr/bin/install -c'
ac_cv_prog_AWK=mawk
ac_cv_prog_CPP='gcc -E'
ac_cv_prog_CXXCPP='g++ -E'
ac_cv_prog_ac_ct_AR=ar
ac_cv_prog_ac_ct_CC=gcc
ac_cv_prog_ac_ct_CXX=g++
ac_cv_prog_ac_ct_F77=f77
ac_cv_prog_ac_ct_RANLIB=ranlib
ac_cv_prog_ac_ct_STRIP=strip
ac_cv_prog_cc_g=yes
ac_cv_prog_cc_stdc=
ac_cv_prog_cxx_g=yes
ac_cv_prog_egrep='grep -E'
ac_cv_prog_f77_g=yes
ac_cv_prog_make_make_set=yes
am_cv_CC_dependencies_compiler_type=gcc3
am_cv_CXX_dependencies_compiler_type=gcc3
lt_cv_deplibs_check_method=pass_all
lt_cv_file_magic_cmd='$MAGIC_CMD'
lt_cv_file_magic_test_file='/lib/libc.so* /lib/libc-*.so'
lt_cv_ld_reload_flag=-r
lt_cv_objdir=.libs
lt_cv_path_LD=/usr/bin/ld
lt_cv_path_LDCXX='/usr/bin/ld -m elf_x86_64'
lt_cv_path_NM='/usr/bin/nm -B'
lt_cv_path_SED=/bin/sed
lt_cv_prog_compiler_c_o=yes
lt_cv_prog_compiler_c_o_CXX=yes
lt_cv_prog_compiler_c_o_F77=yes
lt_cv_prog_compiler_rtti_exceptions=no
lt_cv_prog_gnu_ld=yes
lt_cv_prog_gnu_ldcxx=yes
lt_cv_sys_global_symbol_pipe='sed -n -e '\''s/^.*[ 	]\([ABCDGIRSTW][ABCDGIRSTW]*\)[ 	][ 	]*\(\)\([_A-Za-z][_A-Za-z0-9]*\)$/\1 \2\3 \3/p'\'''
lt_cv_sys_global_symbol_to_c_name_address='sed -n -e '\''s/^: \([^ ]*\) $/  {\"\1\", (lt_ptr) 0},/p'\'' -e '\''s/^[BCDEGRST] \([^ ]*\) \([^ ]*\)$/  {"\2", (lt_ptr) \&\2},/p'\'''
lt_cv_sys_global_symbol_to_cdecl='sed -n -e '\''s/^. .* \(.*\)$/extern int \1;/p'\'''
lt_cv_sys_max_cmd_len=32768
lt_lt_cv_prog_compiler_c_o='"yes"'
lt_lt_cv_prog_compiler_c_o_CXX='"yes"'
lt_lt_cv_prog_compiler_c_o_F77='"yes"'
lt_lt_cv_sys_global_symbol_pipe='"sed -n -e '\''s/^.*[ 	]\\([ABCDGIRSTW][ABCDGIRSTW]*\\)[ 	][ 	]*\\(\\)\\([_A-Za-z][_A-Za-z0-9]*\\)\$/\\1 \\2\\3 \\3/p'\''"'
lt_lt_cv_sys_global_symbol_to_c_name_address='"sed -n -e '\''s/^: \\([^ ]*\\) \$/  {\\\"\\1\\\", (lt_ptr) 0},/p'\'' -e '\''s/^[BCDEGRST] \\([^ ]*\\) \\([^ ]*\\)\$/  {\"\\2\", (lt_ptr) \\&\\2},/p'\''"'
lt_lt_cv_sys_global_symbol_to_cdecl='"sed -n -e '\''s/^. .* \\(.*\\)\$/extern int \\1;/p'\''"'

## ----------------- ##
## Output variables. ##
## ----------------- ##

ACLOCAL='${SHELL} /home/michele/Development/IDRA/IDRA/michele/wmtk-master/missing --run aclocal-1.9'
AMDEPBACKSLASH='\'
AMDEP_FALSE='#'
AMDEP_TRUE=''
AMTAR='${SHELL} /home/michele/Development/IDRA/IDRA/michele/wmtk-master/missing --run tar'
AR='ar'
AUTOCONF='${SHELL} /home/michele/Development/IDRA/IDRA/michele/wmtk-master/missing --run autoconf'
AUTOHEADER='${SHELL} /home/michele/Development/IDRA/IDRA/michele/wmtk-master/missing --run autoheader'
AUTOMAKE='${SHELL} /home/michele/Development/IDRA/IDRA/michele/wmtk-master/missing --run automake-1.9'
AWK='mawk'
CC='gcc'
CCDEPMODE='depmode=gcc3'
CFLAGS='-g -O2'
CPP='gcc -E'
CPPFLAGS=''
CXX='g++'
CXXCPP='g++ -E'
CXXDEPMODE='depmode=gcc3'
CXXFLAGS='-g -O2'
CYGPATH_W='echo'
DEFS='-DHAVE_CONFIG_H'
DEPDIR='.deps'
ECHO='echo'
ECHO_C=''
ECHO_N='-n'
ECHO_T=''
EGREP='grep -E'
EXEEXT=''
F77='f77'
FFLAGS='-g -O2'
INSTALL_DATA='${INSTALL} -m 644'
INSTALL_PROGRAM='${INSTALL}'
INSTALL_SCRIPT='${INSTALL}'
INSTALL_STRIP_PROGRAM='${SHELL} $(install_sh) -c -s'
LDFLAGS=''
LIBOBJS=''
LIBS='-lm '
LIBTOOL='$(SHELL) $(top_builddir)/libtool'
LN_S='ln -s'
LTLIBOBJS=''
MAKEINFO='${SHELL} /home/michele/Development/IDRA/IDRA/michele/wmtk-master/missing --run makeinfo'
OBJEXT='o'
PACKAGE='wmtk'
PACKAGE_BUGREPORT='joshua.l.phillips@vanderbilt.edu'
PACKAGE_NAME='WMtk'
PACKAGE_STRING='WMtk 1.0.5'
PACKAGE_TARNAME='wmtk'
PACKAGE_VERSION='1.0.5'
PATH_SEPARATOR=':'
RANLIB='ranlib'
SET_MAKE=''
SHELL='/bin/bash'
STRIP='strip'
VERSION='1.0.5'
ac_ct_AR='ar'
ac_ct_CC='gcc'
ac_ct_CXX='g++'
ac_ct_F77='f77'
ac_ct_RANLIB='ranlib'
ac_ct_STRIP='strip'
am__fastdepCC_FALSE='#'
am__fastdepCC_TRUE=''
am__fastdepCXX_FALSE='#'
am__fastdepCXX_TRUE=''
am__include='include'
am__leading_dot='.'
am__quote=''
am__tar='${AMTAR} chof - "$$tardir"'
am__untar='${AMTAR} xf -'
bindir='${exec_prefix}/bin'
build='x86_64-unknown-linux-gnu'
build_alias=''
build_cpu='x86_64'
build_os='linux-gnu'
build_vendor='unknown'
datadir='${prefix}/share'
exec_prefix='${prefix}'
host='x86_64-unknown-linux-gnu'
host_alias=''
host_cpu='x86_64'
host_os='linux-gnu'
host_vendor='unknown'
includedir='${prefix}/include'
infodir='${prefix}/info'
install_sh='/home/michele/Development/IDRA/IDRA/michele/wmtk-master/install-sh'
libdir='${exec_prefix}/lib'
libexecdir='${exec_prefix}/libexec'
localstatedir='${prefix}/var'
mandir='${prefix}/man'
mkdir_p='mkdir -p --'
oldincludedir='/usr/include'
prefix='/usr/local'
program_transform_name='s,x,x,'
sbindir='${exec_prefix}/sbin'
sharedstatedir='${prefix}/com'
sysconfdir='${prefix}/etc'
target_alias=''

## ----------- ##
## confdefs.h. ##
## ----------- ##

#define HAVE_DLFCN_H 1
#define HAVE_EXP 1
#define HAVE_FLOOR 1
#define HAVE_FSTREAM 1
#define HAVE_INTTYPES_H 1
#define HAVE_IOMANIP 1
#define HAVE_IOSTREAM 1
#define HAVE_LIBM 1
#define HAVE_LIST 1
#define HAVE_LOG 1
#define HAVE_MATH_H 1
#define HAVE_MEMORY_H 1
#define HAVE_NEARBYINT 1
#define HAVE_POW 1
#define HAVE_RAND 1
#define HAVE_SQRT 1
#define HAVE_SSTREAM 1
#define HAVE_STDDEF_H 1
#define HAVE_STDINT_H 1
#define HAVE_STDIO_H 1
#define HAVE_STDLIB_H 1
#define HAVE_STDLIB_H 1
#define HAVE_STRING 1
#define HAVE_STRINGS_H 1
#define HAVE_STRING_H 1
#define HAVE_SYS_STAT_H 1
#define HAVE_SYS_TYPES_H 1
#define HAVE_UNISTD_H 1
#define HAVE_VECTOR 1
#define PACKAGE "wmtk"
#define PACKAGE_BUGREPORT "joshua.l.phillips@vanderbilt.edu"
#define PACKAGE_NAME "WMtk"
#define PACKAGE_STRING "WMtk 1.0.5"
#define PACKAGE_TARNAME "wmtk"
#define PACKAGE_VERSION "1.0.5"
#define STDC_HEADERS 1
#define VERSION "1.0.5"
#endif
#ifdef __cplusplus
extern "C" void exit (int) throw ();

configure: exit 0
